#
# There is insufficient memory for the Java Runtime Environment to continue.
# Native memory allocation (mmap) failed to map 98566144 bytes. Error detail: G1 virtual space
# Possible reasons:
#   The system is out of physical RAM or swap space
#   This process is running with CompressedOops enabled, and the Java Heap may be blocking the growth of the native heap
# Possible solutions:
#   Reduce memory load on the system
#   Increase physical memory or swap space
#   Check if swap backing store is full
#   Decrease Java heap size (-Xmx/-Xms)
#   Decrease number of Java threads
#   Decrease Java thread stack sizes (-Xss)
#   Set larger code cache with -XX:ReservedCodeCacheSize=
#   JVM is running with Unscaled Compressed Oops mode in which the Java heap is
#     placed in the first 4GB address space. The Java Heap base address is the
#     maximum limit for the native heap growth. Please use -XX:HeapBaseMinAddress
#     to set the Java Heap base and to place the Java Heap above 4GB virtual address.
# This output file may be truncated or incomplete.
#
#  Out of Memory Error (os_windows.cpp:3631), pid=21728, tid=27296
#
# JRE version:  (22.0.2+9) (build )
# Java VM: Java HotSpot(TM) 64-Bit Server VM (22.0.2+9-70, mixed mode, sharing, tiered, compressed oops, compressed class ptrs, g1 gc, windows-amd64)
# No core dump will be written. Minidumps are not enabled by default on client versions of Windows
#

---------------  S U M M A R Y ------------

Command Line: -Dfile.encoding=UTF-8 --module-path=C:\Users\abdul\OneDrive\Documents\NetBeansProjects\SnakeGame\build\classes snakegame.SnakeGame

Host: AMD Ryzen 5 5500U with Radeon Graphics         , 12 cores, 5G,  Windows 11 , 64 bit Build 22621 (10.0.22621.3958)
Time: Mon Aug  5 21:22:28 2024 India Standard Time elapsed time: 0.085815 seconds (0d 0h 0m 0s)

---------------  T H R E A D  ---------------

Current thread (0x0000024d9050c0f0):  JavaThread "Unknown thread" [_thread_in_vm, id=27296, stack(0x0000009889d00000,0x0000009889e00000) (1024K)]

Stack: [0x0000009889d00000,0x0000009889e00000]
Native frames: (J=compiled Java code, j=interpreted, Vv=VM code, C=native code)
V  [jvm.dll+0x6e26e9]  (no source info available)
V  [jvm.dll+0x875753]  (no source info available)
V  [jvm.dll+0x877b7e]  (no source info available)
V  [jvm.dll+0x878253]  (no source info available)
V  [jvm.dll+0x27fc86]  (no source info available)
V  [jvm.dll+0x6ded85]  (no source info available)
V  [jvm.dll+0x6d388a]  (no source info available)
V  [jvm.dll+0x358b8a]  (no source info available)
V  [jvm.dll+0x3610b6]  (no source info available)
V  [jvm.dll+0x3b419e]  (no source info available)
V  [jvm.dll+0x3b4448]  (no source info available)
V  [jvm.dll+0x32c5ec]  (no source info available)
V  [jvm.dll+0x32d258]  (no source info available)
V  [jvm.dll+0x83d5ac]  (no source info available)
V  [jvm.dll+0x3c10d1]  (no source info available)
V  [jvm.dll+0x8264cc]  (no source info available)
V  [jvm.dll+0x45bd5e]  (no source info available)
V  [jvm.dll+0x45dbe1]  (no source info available)
C  [jli.dll+0x52a3]  (no source info available)
C  [ucrtbase.dll+0x29333]  (no source info available)
C  [KERNEL32.DLL+0x1257d]  (no source info available)
C  [ntdll.dll+0x5af28]  (no source info available)


---------------  P R O C E S S  ---------------

Threads class SMR info:
_java_thread_list=0x00007ffc3bb9c1c8, length=0, elements={
}

Java Threads: ( => current thread )
Total: 0

Other Threads:
  0x0000024d927925e0 WorkerThread "GC Thread#0"                     [id=30632, stack(0x0000009889e00000,0x0000009889f00000) (1024K)]
  0x0000024d9279f110 ConcurrentGCThread "G1 Main Marker"            [id=29952, stack(0x0000009889f00000,0x000000988a000000) (1024K)]
  0x0000024d9279fdd0 WorkerThread "G1 Conc#0"                       [id=26860, stack(0x000000988a000000,0x000000988a100000) (1024K)]

[error occurred during error reporting (printing all threads), id 0xc0000005, EXCEPTION_ACCESS_VIOLATION (0xc0000005) at pc=0x00007ffc3b2ef517]
VM state: not at safepoint (not fully initialized)

VM Mutex/Monitor currently owned by a thread:  ([mutex/lock_event])
[0x00007ffc3bc1cc80] Heap_lock - owner thread: 0x0000024d9050c0f0

Heap address: 0x00000000a2600000, size: 1498 MB, Compressed Oops mode: 32-bit

CDS archive(s) mapped at: [0x0000000000000000-0x0000000000000000-0x0000000000000000), size 0, SharedBaseAddress: 0x0000000800000000, ArchiveRelocationMode: 1.
Narrow klass base: 0x0000000000000000, Narrow klass shift: 0, Narrow klass range: 0x0

GC Precious Log:
 CardTable entry size: 512
 Card Set container configuration: InlinePtr #cards 5 size 8 Array Of Cards #cards 12 size 40 Howl #buckets 4 coarsen threshold 1843 Howl Bitmap #cards 512 size 80 coarsen threshold 460 Card regions per heap region 1 cards per card region 2048

Heap:
 garbage-first heap   total reserved 1533952K, committed 0K, used 0K [0x00000000a2600000, 0x0000000100000000)
  region size 1024K, 0 young (0K), 0 survivors (0K)

[error occurred during error reporting (printing heap information), id 0xc0000005, EXCEPTION_ACCESS_VIOLATION (0xc0000005) at pc=0x00007ffc3b6ee869]
GC Heap History (0 events):
No events

Dll operation events (1 events):
Event: 0.023 Loaded shared library C:\Program Files\Java\jdk-22\bin\java.dll

Deoptimization events (0 events):
No events

Classes loaded (0 events):
No events

Classes unloaded (0 events):
No events

Classes redefined (0 events):
No events

Internal exceptions (0 events):
No events

ZGC Phase Switch (0 events):
No events

VM Operations (0 events):
No events

Memory protections (0 events):
No events

Nmethod flushes (0 events):
No events

Events (0 events):
No events


Dynamic libraries:
0x00007ff7cd370000 - 0x00007ff7cd380000 	C:\Program Files\Java\jdk-22\bin\java.exe
0x00007ffcb03f0000 - 0x00007ffcb0607000 	C:\Windows\SYSTEM32\ntdll.dll
0x00007ffcae7a0000 - 0x00007ffcae864000 	C:\Windows\System32\KERNEL32.DLL
0x00007ffcad980000 - 0x00007ffcadd2d000 	C:\Windows\System32\KERNELBASE.dll
0x00007ffcad860000 - 0x00007ffcad971000 	C:\Windows\System32\ucrtbase.dll
0x00007ffc83b40000 - 0x00007ffc83b5b000 	C:\Program Files\Java\jdk-22\bin\VCRUNTIME140.dll
0x00007ffc9e170000 - 0x00007ffc9e187000 	C:\Program Files\Java\jdk-22\bin\jli.dll
0x00007ffcae120000 - 0x00007ffcae2ce000 	C:\Windows\System32\USER32.dll
0x00007ffcad710000 - 0x00007ffcad736000 	C:\Windows\System32\win32u.dll
0x00007ffc95c30000 - 0x00007ffc95ec3000 	C:\Windows\WinSxS\amd64_microsoft.windows.common-controls_6595b64144ccf1df_6.0.22621.3672_none_2713b9d173822955\COMCTL32.dll
0x00007ffcb00f0000 - 0x00007ffcb0119000 	C:\Windows\System32\GDI32.dll
0x00007ffcad740000 - 0x00007ffcad859000 	C:\Windows\System32\gdi32full.dll
0x00007ffcb0300000 - 0x00007ffcb03a7000 	C:\Windows\System32\msvcrt.dll
0x00007ffcade70000 - 0x00007ffcadf0a000 	C:\Windows\System32\msvcp_win.dll
0x00007ffcaf540000 - 0x00007ffcaf571000 	C:\Windows\System32\IMM32.DLL
0x00007ffc92dc0000 - 0x00007ffc92dcc000 	C:\Program Files\Java\jdk-22\bin\vcruntime140_1.dll
0x00007ffc3a9f0000 - 0x00007ffc3aa7e000 	C:\Program Files\Java\jdk-22\bin\msvcp140.dll
0x00007ffc3afb0000 - 0x00007ffc3bcf9000 	C:\Program Files\Java\jdk-22\bin\server\jvm.dll
0x00007ffcb0240000 - 0x00007ffcb02f2000 	C:\Windows\System32\ADVAPI32.dll
0x00007ffcaf2c0000 - 0x00007ffcaf369000 	C:\Windows\System32\sechost.dll
0x00007ffcae0f0000 - 0x00007ffcae118000 	C:\Windows\System32\bcrypt.dll
0x00007ffcb0120000 - 0x00007ffcb0234000 	C:\Windows\System32\RPCRT4.dll
0x00007ffcaf240000 - 0x00007ffcaf2b1000 	C:\Windows\System32\WS2_32.dll
0x00007ffcad5d0000 - 0x00007ffcad61d000 	C:\Windows\SYSTEM32\POWRPROF.dll
0x00007ffca78e0000 - 0x00007ffca7914000 	C:\Windows\SYSTEM32\WINMM.dll
0x00007ffca42d0000 - 0x00007ffca42da000 	C:\Windows\SYSTEM32\VERSION.dll
0x00007ffcad5b0000 - 0x00007ffcad5c3000 	C:\Windows\SYSTEM32\UMPDC.dll
0x00007ffcac720000 - 0x00007ffcac738000 	C:\Windows\SYSTEM32\kernel.appcore.dll
0x00007ffc8b4f0000 - 0x00007ffc8b4fa000 	C:\Program Files\Java\jdk-22\bin\jimage.dll
0x00007ffcab0b0000 - 0x00007ffcab2e2000 	C:\Windows\SYSTEM32\DBGHELP.DLL
0x00007ffcaf680000 - 0x00007ffcafa0d000 	C:\Windows\System32\combase.dll
0x00007ffcaf160000 - 0x00007ffcaf237000 	C:\Windows\System32\OLEAUT32.dll
0x00007ffc94ea0000 - 0x00007ffc94ed2000 	C:\Windows\SYSTEM32\dbgcore.DLL
0x00007ffcaddf0000 - 0x00007ffcade6b000 	C:\Windows\System32\bcryptPrimitives.dll
0x00007ffc83040000 - 0x00007ffc8305e000 	C:\Program Files\Java\jdk-22\bin\java.dll
0x00007ffcae8f0000 - 0x00007ffcaf157000 	C:\Windows\System32\SHELL32.dll
0x00007ffcae5e0000 - 0x00007ffcae785000 	C:\Windows\System32\ole32.dll

dbghelp: loaded successfully - version: 4.0.5 - missing functions: none
symbol engine: initialized successfully - sym options: 0x614 - pdb path: .;C:\Program Files\Java\jdk-22\bin;C:\Windows\SYSTEM32;C:\Windows\WinSxS\amd64_microsoft.windows.common-controls_6595b64144ccf1df_6.0.22621.3672_none_2713b9d173822955;C:\Program Files\Java\jdk-22\bin\server

VM Arguments:
jvm_args: -Dfile.encoding=UTF-8 --module-path=C:\Users\abdul\OneDrive\Documents\NetBeansProjects\SnakeGame\build\classes 
java_command: snakegame.SnakeGame
java_class_path (initial): C:\Users\abdul\OneDrive\Documents\NetBeansProjects\SnakeGame\build\classes
Launcher Type: SUN_STANDARD

[Global flags]
     intx CICompilerCount                          = 4                                         {product} {ergonomic}
     uint ConcGCThreads                            = 3                                         {product} {ergonomic}
     uint G1ConcRefinementThreads                  = 10                                        {product} {ergonomic}
   size_t G1HeapRegionSize                         = 1048576                                   {product} {ergonomic}
   size_t InitialHeapSize                          = 98566144                                  {product} {ergonomic}
   size_t MarkStackSize                            = 4194304                                   {product} {ergonomic}
   size_t MaxHeapSize                              = 1570766848                                {product} {ergonomic}
   size_t MinHeapDeltaBytes                        = 1048576                                   {product} {ergonomic}
   size_t MinHeapSize                              = 8388608                                   {product} {ergonomic}
    uintx NonNMethodCodeHeapSize                   = 5839372                                {pd product} {ergonomic}
    uintx NonProfiledCodeHeapSize                  = 122909434                              {pd product} {ergonomic}
    uintx ProfiledCodeHeapSize                     = 122909434                              {pd product} {ergonomic}
    uintx ReservedCodeCacheSize                    = 251658240                              {pd product} {ergonomic}
     bool SegmentedCodeCache                       = true                                      {product} {ergonomic}
   size_t SoftMaxHeapSize                          = 1570766848                             {manageable} {ergonomic}
     bool UseCompressedOops                        = true                           {product lp64_product} {ergonomic}
     bool UseG1GC                                  = true                                      {product} {ergonomic}
     bool UseLargePagesIndividualAllocation        = false                                  {pd product} {ergonomic}

Logging:
Log output configuration:
 #0: stdout all=warning uptime,level,tags foldmultilines=false
 #1: stderr all=off uptime,level,tags foldmultilines=false

Environment Variables:
JAVA_HOME=C:\Program Files\Java\jdk-22
PATH=C:\Program Files\Common Files\Oracle\Java\javapath;C:\Windows\system32;C:\Windows;C:\Windows\System32\Wbem;C:\Windows\System32\WindowsPowerShell\v1.0\;C:\Windows\System32\OpenSSH\;C:\MinGW\bin;C:\Program Files\Java\jdk-21\bin;C:\Program Files\Java\jdk-21;C:\Program Files\Java\jdk-21\bin;C:\Program Files\Java\jdk-21\bin;C:\Program Files\Java\jdk-21\bin;C:\Program Files\Java\jdk-21\bin;C:\Users\abdul\OneDrive\Desktop\Java language;C:\Program Files\Java\jdk-22\bin;C:\Program Files\Common Files\Oracle\Java\javapath;C:\Program Files\Git\cmd;C:\Users\abdul\AppData\Local\Microsoft\WindowsApps;C:\Users\abdul\AppData\Local\Programs\Microsoft VS Code\bin
USERNAME=abdul
OS=Windows_NT
PROCESSOR_IDENTIFIER=AMD64 Family 23 Model 104 Stepping 1, AuthenticAMD
TMP=C:\Users\abdul\AppData\Local\Temp
TEMP=C:\Users\abdul\AppData\Local\Temp




Periodic native trim disabled

---------------  S Y S T E M  ---------------

OS:
 Windows 11 , 64 bit Build 22621 (10.0.22621.3958)
OS uptime: 0 days 13:51 hours
Hyper-V role detected

CPU: total 12 (initial active 12) (12 cores per cpu, 2 threads per core) family 23 model 104 stepping 1 microcode 0x0, cx8, cmov, fxsr, ht, mmx, 3dnowpref, sse, sse2, sse3, ssse3, sse4a, sse4.1, sse4.2, popcnt, lzcnt, tsc, tscinvbit, avx, avx2, aes, clmul, bmi1, bmi2, adx, sha, fma, vzeroupper, clflush, clflushopt, hv, rdtscp, rdpid, f16c
Processor Information for processor 0
  Max Mhz: 2100, Current Mhz: 1813, Mhz Limit: 2100
Processor Information for processor 1
  Max Mhz: 2100, Current Mhz: 1813, Mhz Limit: 2100
Processor Information for processor 2
  Max Mhz: 2100, Current Mhz: 1813, Mhz Limit: 2100
Processor Information for processor 3
  Max Mhz: 2100, Current Mhz: 1813, Mhz Limit: 2100
Processor Information for processor 4
  Max Mhz: 2100, Current Mhz: 1813, Mhz Limit: 2100
Processor Information for processor 5
  Max Mhz: 2100, Current Mhz: 1813, Mhz Limit: 2100
Processor Information for processor 6
  Max Mhz: 2100, Current Mhz: 1893, Mhz Limit: 2100
Processor Information for processor 7
  Max Mhz: 2100, Current Mhz: 1813, Mhz Limit: 2100
Processor Information for processor 8
  Max Mhz: 2100, Current Mhz: 1813, Mhz Limit: 2100
Processor Information for processor 9
  Max Mhz: 2100, Current Mhz: 1813, Mhz Limit: 2100
Processor Information for processor 10
  Max Mhz: 2100, Current Mhz: 1813, Mhz Limit: 2100
Processor Information for processor 11
  Max Mhz: 2100, Current Mhz: 1813, Mhz Limit: 2100

Memory: 4k page, system-wide physical 5989M (305M free)
TotalPageFile size 24421M (AvailPageFile size 75M)
current process WorkingSet (physical memory assigned to process): 12M, peak: 12M
current process commit charge ("private bytes"): 64M, peak: 158M

vm_info: Java HotSpot(TM) 64-Bit Server VM (22.0.2+9-70) for windows-amd64 JRE (22.0.2+9-70), built on 2024-06-04T16:52:23Z by "mach5one" with MS VC++ 17.6 (VS2022)

END.
