#
# There is insufficient memory for the Java Runtime Environment to continue.
# Native memory allocation (malloc) failed to allocate 271776 bytes. Error detail: Chunk::new
# Possible reasons:
#   The system is out of physical RAM or swap space
#   This process is running with CompressedOops enabled, and the Java Heap may be blocking the growth of the native heap
# Possible solutions:
#   Reduce memory load on the system
#   Increase physical memory or swap space
#   Check if swap backing store is full
#   Decrease Java heap size (-Xmx/-Xms)
#   Decrease number of Java threads
#   Decrease Java thread stack sizes (-Xss)
#   Set larger code cache with -XX:ReservedCodeCacheSize=
#   JVM is running with Unscaled Compressed Oops mode in which the Java heap is
#     placed in the first 4GB address space. The Java Heap base address is the
#     maximum limit for the native heap growth. Please use -XX:HeapBaseMinAddress
#     to set the Java Heap base and to place the Java Heap above 4GB virtual address.
# This output file may be truncated or incomplete.
#
#  Out of Memory Error (arena.cpp:150), pid=31960, tid=31712
#
# JRE version: Java(TM) SE Runtime Environment (22.0.2+9) (build 22.0.2+9-70)
# Java VM: Java HotSpot(TM) 64-Bit Server VM (22.0.2+9-70, mixed mode, tiered, compressed oops, compressed class ptrs, g1 gc, windows-amd64)
# No core dump will be written. Minidumps are not enabled by default on client versions of Windows
#

---------------  S U M M A R Y ------------

Command Line: -Dfile.encoding=UTF-8 --module-path=C:\Users\abdul\OneDrive\Documents\NetBeansProjects\SnakeGame\build\classes snakegame.SnakeGame

Host: AMD Ryzen 5 5500U with Radeon Graphics         , 12 cores, 5G,  Windows 11 , 64 bit Build 22621 (10.0.22621.3958)
Time: Mon Aug  5 21:20:58 2024 India Standard Time elapsed time: 1.196273 seconds (0d 0h 0m 1s)

---------------  T H R E A D  ---------------

Current thread (0x000001b404159050):  JavaThread "C2 CompilerThread0" daemon [_thread_in_native, id=31712, stack(0x0000001c4f000000,0x0000001c4f100000) (1024K)]


Current CompileTask:
C2:1196  742       4       sun.util.locale.BaseLocale::getInstance (150 bytes)

Stack: [0x0000001c4f000000,0x0000001c4f100000]
Native frames: (J=compiled Java code, j=interpreted, Vv=VM code, C=native code)
V  [jvm.dll+0x6e26e9]  (no source info available)
V  [jvm.dll+0x875753]  (no source info available)
V  [jvm.dll+0x877b7e]  (no source info available)
V  [jvm.dll+0x878253]  (no source info available)
V  [jvm.dll+0x27fc86]  (no source info available)
V  [jvm.dll+0xc3d0f]  (no source info available)
V  [jvm.dll+0xc3f6b]  (no source info available)
V  [jvm.dll+0x2f3c7f]  (no source info available)
V  [jvm.dll+0x60c0fa]  (no source info available)
V  [jvm.dll+0x250c92]  (no source info available)
V  [jvm.dll+0x249445]  (no source info available)
V  [jvm.dll+0x246da6]  (no source info available)
V  [jvm.dll+0x1c4e80]  (no source info available)
V  [jvm.dll+0x2568f3]  (no source info available)
V  [jvm.dll+0x254baa]  (no source info available)
V  [jvm.dll+0x3f57a6]  (no source info available)
V  [jvm.dll+0x81dc0b]  (no source info available)
V  [jvm.dll+0x6e0d85]  (no source info available)
C  [ucrtbase.dll+0x29333]  (no source info available)
C  [KERNEL32.DLL+0x1257d]  (no source info available)
C  [ntdll.dll+0x5af28]  (no source info available)


---------------  P R O C E S S  ---------------

Threads class SMR info:
_java_thread_list=0x000001b40470b710, length=17, elements={
0x000001b446a293c0, 0x000001b404164fb0, 0x000001b40414ff70, 0x000001b40415c840,
0x000001b404153de0, 0x000001b404154840, 0x000001b4041552a0, 0x000001b404159050,
0x000001b404159c30, 0x000001b462c43220, 0x000001b4044880c0, 0x000001b404657c40,
0x000001b404666ac0, 0x000001b40466be20, 0x000001b404756690, 0x000001b40478a240,
0x000001b4047ad420
}

Java Threads: ( => current thread )
  0x000001b446a293c0 JavaThread "main"                              [_thread_in_vm, id=31564, stack(0x0000001c4e200000,0x0000001c4e300000) (1024K)]
  0x000001b404164fb0 JavaThread "Reference Handler"          daemon [_thread_blocked, id=29420, stack(0x0000001c4ea00000,0x0000001c4eb00000) (1024K)]
  0x000001b40414ff70 JavaThread "Finalizer"                  daemon [_thread_blocked, id=25736, stack(0x0000001c4eb00000,0x0000001c4ec00000) (1024K)]
  0x000001b40415c840 JavaThread "Signal Dispatcher"          daemon [_thread_blocked, id=7608, stack(0x0000001c4ec00000,0x0000001c4ed00000) (1024K)]
  0x000001b404153de0 JavaThread "Attach Listener"            daemon [_thread_blocked, id=23160, stack(0x0000001c4ed00000,0x0000001c4ee00000) (1024K)]
  0x000001b404154840 JavaThread "Service Thread"             daemon [_thread_blocked, id=31832, stack(0x0000001c4ee00000,0x0000001c4ef00000) (1024K)]
  0x000001b4041552a0 JavaThread "Monitor Deflation Thread"   daemon [_thread_blocked, id=16104, stack(0x0000001c4ef00000,0x0000001c4f000000) (1024K)]
=>0x000001b404159050 JavaThread "C2 CompilerThread0"         daemon [_thread_in_native, id=31712, stack(0x0000001c4f000000,0x0000001c4f100000) (1024K)]
  0x000001b404159c30 JavaThread "C1 CompilerThread0"         daemon [_thread_blocked, id=26356, stack(0x0000001c4f100000,0x0000001c4f200000) (1024K)]
  0x000001b462c43220 JavaThread "Common-Cleaner"             daemon [_thread_blocked, id=20012, stack(0x0000001c4f200000,0x0000001c4f300000) (1024K)]
  0x000001b4044880c0 JavaThread "Notification Thread"        daemon [_thread_blocked, id=29792, stack(0x0000001c4f300000,0x0000001c4f400000) (1024K)]
  0x000001b404657c40 JavaThread "Java2D Disposer"            daemon [_thread_blocked, id=28580, stack(0x0000001c4f400000,0x0000001c4f500000) (1024K)]
  0x000001b404666ac0 JavaThread "AWT-Shutdown"                      [_thread_blocked, id=24528, stack(0x0000001c4f500000,0x0000001c4f600000) (1024K)]
  0x000001b40466be20 JavaThread "AWT-Windows"                daemon [_thread_in_native, id=27112, stack(0x0000001c4f600000,0x0000001c4f700000) (1024K)]
  0x000001b404756690 JavaThread "Image Fetcher 0"            daemon [_thread_blocked, id=28692, stack(0x0000001c4f700000,0x0000001c4f800000) (1024K)]
  0x000001b40478a240 JavaThread "TimerQueue"                 daemon [_thread_in_vm, id=30972, stack(0x0000001c4f800000,0x0000001c4f900000) (1024K)]
  0x000001b4047ad420 JavaThread "AWT-EventQueue-0"                  [_thread_blocked, id=29192, stack(0x0000001c4f900000,0x0000001c4fa00000) (1024K)]
Total: 17

Other Threads:
  0x000001b462cdf5f0 VMThread "VM Thread"                           [id=22372, stack(0x0000001c4e900000,0x0000001c4ea00000) (1024K)]
  0x000001b446a212a0 WatcherThread "VM Periodic Task Thread"        [id=29756, stack(0x0000001c4e800000,0x0000001c4e900000) (1024K)]
  0x000001b446a74b20 WorkerThread "GC Thread#0"                     [id=29628, stack(0x0000001c4e300000,0x0000001c4e400000) (1024K)]
  0x000001b446a81e60 ConcurrentGCThread "G1 Main Marker"            [id=29104, stack(0x0000001c4e400000,0x0000001c4e500000) (1024K)]
  0x000001b446a82b20 WorkerThread "G1 Conc#0"                       [id=31396, stack(0x0000001c4e500000,0x0000001c4e600000) (1024K)]
  0x000001b446aeeac0 ConcurrentGCThread "G1 Refine#0"               [id=26664, stack(0x0000001c4e600000,0x0000001c4e700000) (1024K)]
  0x000001b462b14810 ConcurrentGCThread "G1 Service"                [id=24780, stack(0x0000001c4e700000,0x0000001c4e800000) (1024K)]
Total: 7

Threads with active compile tasks:
C2 CompilerThread0  1323  742       4       sun.util.locale.BaseLocale::getInstance (150 bytes)
Total: 1

VM state: not at safepoint (normal execution)

VM Mutex/Monitor currently owned by a thread:  ([mutex/lock_event])
[0x00007ffc3bc1ab00] Metaspace_lock - owner thread: 0x000001b446a293c0

Heap address: 0x00000000a2600000, size: 1498 MB, Compressed Oops mode: 32-bit

CDS archive(s) not mapped
Compressed class space mapped at: 0x0000000039000000-0x0000000079000000, reserved size: 1073741824
Narrow klass base: 0x0000000000000000, Narrow klass shift: 0, Narrow klass range: 0x79000000

GC Precious Log:
 CardTable entry size: 512
 Card Set container configuration: InlinePtr #cards 5 size 8 Array Of Cards #cards 12 size 40 Howl #buckets 4 coarsen threshold 1843 Howl Bitmap #cards 512 size 80 coarsen threshold 460 Card regions per heap region 1 cards per card region 2048
 CPUs: 12 total, 12 available
 Memory: 5989M
 Large Page Support: Disabled
 NUMA Support: Disabled
 Compressed Oops: Enabled (32-bit)
 Heap Region Size: 1M
 Heap Min Capacity: 8M
 Heap Initial Capacity: 94M
 Heap Max Capacity: 1498M
 Pre-touch: Disabled
 Parallel Workers: 10
 Concurrent Workers: 3
 Concurrent Refinement Workers: 10
 Periodic GC: Disabled

Heap:
 garbage-first heap   total reserved 1533952K, committed 96256K, used 8192K [0x00000000a2600000, 0x0000000100000000)
  region size 1024K, 9 young (9216K), 0 survivors (0K)
 Metaspace       used 13788K, committed 14016K, reserved 1114112K
  class space    used 1319K, committed 1408K, reserved 1048576K

Heap Regions: E=young(eden), S=young(survivor), O=old, HS=humongous(starts), HC=humongous(continues), CS=collection set, F=free, TAMS=top-at-mark-start, PB=parsable bottom
|   0|0x00000000a2600000, 0x00000000a2600000, 0x00000000a2700000|  0%| F|  |TAMS 0x00000000a2600000| PB 0x00000000a2600000| Untracked |  0
|   1|0x00000000a2700000, 0x00000000a2700000, 0x00000000a2800000|  0%| F|  |TAMS 0x00000000a2700000| PB 0x00000000a2700000| Untracked |  0
|   2|0x00000000a2800000, 0x00000000a2800000, 0x00000000a2900000|  0%| F|  |TAMS 0x00000000a2800000| PB 0x00000000a2800000| Untracked |  0
|   3|0x00000000a2900000, 0x00000000a2900000, 0x00000000a2a00000|  0%| F|  |TAMS 0x00000000a2900000| PB 0x00000000a2900000| Untracked |  0
|   4|0x00000000a2a00000, 0x00000000a2a00000, 0x00000000a2b00000|  0%| F|  |TAMS 0x00000000a2a00000| PB 0x00000000a2a00000| Untracked |  0
|   5|0x00000000a2b00000, 0x00000000a2b00000, 0x00000000a2c00000|  0%| F|  |TAMS 0x00000000a2b00000| PB 0x00000000a2b00000| Untracked |  0
|   6|0x00000000a2c00000, 0x00000000a2c00000, 0x00000000a2d00000|  0%| F|  |TAMS 0x00000000a2c00000| PB 0x00000000a2c00000| Untracked |  0
|   7|0x00000000a2d00000, 0x00000000a2d00000, 0x00000000a2e00000|  0%| F|  |TAMS 0x00000000a2d00000| PB 0x00000000a2d00000| Untracked |  0
|   8|0x00000000a2e00000, 0x00000000a2e00000, 0x00000000a2f00000|  0%| F|  |TAMS 0x00000000a2e00000| PB 0x00000000a2e00000| Untracked |  0
|   9|0x00000000a2f00000, 0x00000000a2f00000, 0x00000000a3000000|  0%| F|  |TAMS 0x00000000a2f00000| PB 0x00000000a2f00000| Untracked |  0
|  10|0x00000000a3000000, 0x00000000a3000000, 0x00000000a3100000|  0%| F|  |TAMS 0x00000000a3000000| PB 0x00000000a3000000| Untracked |  0
|  11|0x00000000a3100000, 0x00000000a3100000, 0x00000000a3200000|  0%| F|  |TAMS 0x00000000a3100000| PB 0x00000000a3100000| Untracked |  0
|  12|0x00000000a3200000, 0x00000000a3200000, 0x00000000a3300000|  0%| F|  |TAMS 0x00000000a3200000| PB 0x00000000a3200000| Untracked |  0
|  13|0x00000000a3300000, 0x00000000a3300000, 0x00000000a3400000|  0%| F|  |TAMS 0x00000000a3300000| PB 0x00000000a3300000| Untracked |  0
|  14|0x00000000a3400000, 0x00000000a3400000, 0x00000000a3500000|  0%| F|  |TAMS 0x00000000a3400000| PB 0x00000000a3400000| Untracked |  0
|  15|0x00000000a3500000, 0x00000000a3500000, 0x00000000a3600000|  0%| F|  |TAMS 0x00000000a3500000| PB 0x00000000a3500000| Untracked |  0
|  16|0x00000000a3600000, 0x00000000a3600000, 0x00000000a3700000|  0%| F|  |TAMS 0x00000000a3600000| PB 0x00000000a3600000| Untracked |  0
|  17|0x00000000a3700000, 0x00000000a3700000, 0x00000000a3800000|  0%| F|  |TAMS 0x00000000a3700000| PB 0x00000000a3700000| Untracked |  0
|  18|0x00000000a3800000, 0x00000000a3800000, 0x00000000a3900000|  0%| F|  |TAMS 0x00000000a3800000| PB 0x00000000a3800000| Untracked |  0
|  19|0x00000000a3900000, 0x00000000a3900000, 0x00000000a3a00000|  0%| F|  |TAMS 0x00000000a3900000| PB 0x00000000a3900000| Untracked |  0
|  20|0x00000000a3a00000, 0x00000000a3a00000, 0x00000000a3b00000|  0%| F|  |TAMS 0x00000000a3a00000| PB 0x00000000a3a00000| Untracked |  0
|  21|0x00000000a3b00000, 0x00000000a3b00000, 0x00000000a3c00000|  0%| F|  |TAMS 0x00000000a3b00000| PB 0x00000000a3b00000| Untracked |  0
|  22|0x00000000a3c00000, 0x00000000a3c00000, 0x00000000a3d00000|  0%| F|  |TAMS 0x00000000a3c00000| PB 0x00000000a3c00000| Untracked |  0
|  23|0x00000000a3d00000, 0x00000000a3d00000, 0x00000000a3e00000|  0%| F|  |TAMS 0x00000000a3d00000| PB 0x00000000a3d00000| Untracked |  0
|  24|0x00000000a3e00000, 0x00000000a3e00000, 0x00000000a3f00000|  0%| F|  |TAMS 0x00000000a3e00000| PB 0x00000000a3e00000| Untracked |  0
|  25|0x00000000a3f00000, 0x00000000a3f00000, 0x00000000a4000000|  0%| F|  |TAMS 0x00000000a3f00000| PB 0x00000000a3f00000| Untracked |  0
|  26|0x00000000a4000000, 0x00000000a4000000, 0x00000000a4100000|  0%| F|  |TAMS 0x00000000a4000000| PB 0x00000000a4000000| Untracked |  0
|  27|0x00000000a4100000, 0x00000000a4100000, 0x00000000a4200000|  0%| F|  |TAMS 0x00000000a4100000| PB 0x00000000a4100000| Untracked |  0
|  28|0x00000000a4200000, 0x00000000a4200000, 0x00000000a4300000|  0%| F|  |TAMS 0x00000000a4200000| PB 0x00000000a4200000| Untracked |  0
|  29|0x00000000a4300000, 0x00000000a4300000, 0x00000000a4400000|  0%| F|  |TAMS 0x00000000a4300000| PB 0x00000000a4300000| Untracked |  0
|  30|0x00000000a4400000, 0x00000000a4400000, 0x00000000a4500000|  0%| F|  |TAMS 0x00000000a4400000| PB 0x00000000a4400000| Untracked |  0
|  31|0x00000000a4500000, 0x00000000a4500000, 0x00000000a4600000|  0%| F|  |TAMS 0x00000000a4500000| PB 0x00000000a4500000| Untracked |  0
|  32|0x00000000a4600000, 0x00000000a4600000, 0x00000000a4700000|  0%| F|  |TAMS 0x00000000a4600000| PB 0x00000000a4600000| Untracked |  0
|  33|0x00000000a4700000, 0x00000000a4700000, 0x00000000a4800000|  0%| F|  |TAMS 0x00000000a4700000| PB 0x00000000a4700000| Untracked |  0
|  34|0x00000000a4800000, 0x00000000a4800000, 0x00000000a4900000|  0%| F|  |TAMS 0x00000000a4800000| PB 0x00000000a4800000| Untracked |  0
|  35|0x00000000a4900000, 0x00000000a4900000, 0x00000000a4a00000|  0%| F|  |TAMS 0x00000000a4900000| PB 0x00000000a4900000| Untracked |  0
|  36|0x00000000a4a00000, 0x00000000a4a00000, 0x00000000a4b00000|  0%| F|  |TAMS 0x00000000a4a00000| PB 0x00000000a4a00000| Untracked |  0
|  37|0x00000000a4b00000, 0x00000000a4b00000, 0x00000000a4c00000|  0%| F|  |TAMS 0x00000000a4b00000| PB 0x00000000a4b00000| Untracked |  0
|  38|0x00000000a4c00000, 0x00000000a4c00000, 0x00000000a4d00000|  0%| F|  |TAMS 0x00000000a4c00000| PB 0x00000000a4c00000| Untracked |  0
|  39|0x00000000a4d00000, 0x00000000a4d00000, 0x00000000a4e00000|  0%| F|  |TAMS 0x00000000a4d00000| PB 0x00000000a4d00000| Untracked |  0
|  40|0x00000000a4e00000, 0x00000000a4e00000, 0x00000000a4f00000|  0%| F|  |TAMS 0x00000000a4e00000| PB 0x00000000a4e00000| Untracked |  0
|  41|0x00000000a4f00000, 0x00000000a4f00000, 0x00000000a5000000|  0%| F|  |TAMS 0x00000000a4f00000| PB 0x00000000a4f00000| Untracked |  0
|  42|0x00000000a5000000, 0x00000000a5000000, 0x00000000a5100000|  0%| F|  |TAMS 0x00000000a5000000| PB 0x00000000a5000000| Untracked |  0
|  43|0x00000000a5100000, 0x00000000a5100000, 0x00000000a5200000|  0%| F|  |TAMS 0x00000000a5100000| PB 0x00000000a5100000| Untracked |  0
|  44|0x00000000a5200000, 0x00000000a5200000, 0x00000000a5300000|  0%| F|  |TAMS 0x00000000a5200000| PB 0x00000000a5200000| Untracked |  0
|  45|0x00000000a5300000, 0x00000000a5300000, 0x00000000a5400000|  0%| F|  |TAMS 0x00000000a5300000| PB 0x00000000a5300000| Untracked |  0
|  46|0x00000000a5400000, 0x00000000a5400000, 0x00000000a5500000|  0%| F|  |TAMS 0x00000000a5400000| PB 0x00000000a5400000| Untracked |  0
|  47|0x00000000a5500000, 0x00000000a5500000, 0x00000000a5600000|  0%| F|  |TAMS 0x00000000a5500000| PB 0x00000000a5500000| Untracked |  0
|  48|0x00000000a5600000, 0x00000000a5600000, 0x00000000a5700000|  0%| F|  |TAMS 0x00000000a5600000| PB 0x00000000a5600000| Untracked |  0
|  49|0x00000000a5700000, 0x00000000a5700000, 0x00000000a5800000|  0%| F|  |TAMS 0x00000000a5700000| PB 0x00000000a5700000| Untracked |  0
|  50|0x00000000a5800000, 0x00000000a5800000, 0x00000000a5900000|  0%| F|  |TAMS 0x00000000a5800000| PB 0x00000000a5800000| Untracked |  0
|  51|0x00000000a5900000, 0x00000000a5900000, 0x00000000a5a00000|  0%| F|  |TAMS 0x00000000a5900000| PB 0x00000000a5900000| Untracked |  0
|  52|0x00000000a5a00000, 0x00000000a5a00000, 0x00000000a5b00000|  0%| F|  |TAMS 0x00000000a5a00000| PB 0x00000000a5a00000| Untracked |  0
|  53|0x00000000a5b00000, 0x00000000a5b00000, 0x00000000a5c00000|  0%| F|  |TAMS 0x00000000a5b00000| PB 0x00000000a5b00000| Untracked |  0
|  54|0x00000000a5c00000, 0x00000000a5c00000, 0x00000000a5d00000|  0%| F|  |TAMS 0x00000000a5c00000| PB 0x00000000a5c00000| Untracked |  0
|  55|0x00000000a5d00000, 0x00000000a5d00000, 0x00000000a5e00000|  0%| F|  |TAMS 0x00000000a5d00000| PB 0x00000000a5d00000| Untracked |  0
|  56|0x00000000a5e00000, 0x00000000a5e00000, 0x00000000a5f00000|  0%| F|  |TAMS 0x00000000a5e00000| PB 0x00000000a5e00000| Untracked |  0
|  57|0x00000000a5f00000, 0x00000000a5f00000, 0x00000000a6000000|  0%| F|  |TAMS 0x00000000a5f00000| PB 0x00000000a5f00000| Untracked |  0
|  58|0x00000000a6000000, 0x00000000a6000000, 0x00000000a6100000|  0%| F|  |TAMS 0x00000000a6000000| PB 0x00000000a6000000| Untracked |  0
|  59|0x00000000a6100000, 0x00000000a6100000, 0x00000000a6200000|  0%| F|  |TAMS 0x00000000a6100000| PB 0x00000000a6100000| Untracked |  0
|  60|0x00000000a6200000, 0x00000000a6200000, 0x00000000a6300000|  0%| F|  |TAMS 0x00000000a6200000| PB 0x00000000a6200000| Untracked |  0
|  61|0x00000000a6300000, 0x00000000a6300000, 0x00000000a6400000|  0%| F|  |TAMS 0x00000000a6300000| PB 0x00000000a6300000| Untracked |  0
|  62|0x00000000a6400000, 0x00000000a6400000, 0x00000000a6500000|  0%| F|  |TAMS 0x00000000a6400000| PB 0x00000000a6400000| Untracked |  0
|  63|0x00000000a6500000, 0x00000000a6500000, 0x00000000a6600000|  0%| F|  |TAMS 0x00000000a6500000| PB 0x00000000a6500000| Untracked |  0
|  64|0x00000000a6600000, 0x00000000a6600000, 0x00000000a6700000|  0%| F|  |TAMS 0x00000000a6600000| PB 0x00000000a6600000| Untracked |  0
|  65|0x00000000a6700000, 0x00000000a6700000, 0x00000000a6800000|  0%| F|  |TAMS 0x00000000a6700000| PB 0x00000000a6700000| Untracked |  0
|  66|0x00000000a6800000, 0x00000000a6800000, 0x00000000a6900000|  0%| F|  |TAMS 0x00000000a6800000| PB 0x00000000a6800000| Untracked |  0
|  67|0x00000000a6900000, 0x00000000a6900000, 0x00000000a6a00000|  0%| F|  |TAMS 0x00000000a6900000| PB 0x00000000a6900000| Untracked |  0
|  68|0x00000000a6a00000, 0x00000000a6a00000, 0x00000000a6b00000|  0%| F|  |TAMS 0x00000000a6a00000| PB 0x00000000a6a00000| Untracked |  0
|  69|0x00000000a6b00000, 0x00000000a6b00000, 0x00000000a6c00000|  0%| F|  |TAMS 0x00000000a6b00000| PB 0x00000000a6b00000| Untracked |  0
|  70|0x00000000a6c00000, 0x00000000a6c00000, 0x00000000a6d00000|  0%| F|  |TAMS 0x00000000a6c00000| PB 0x00000000a6c00000| Untracked |  0
|  71|0x00000000a6d00000, 0x00000000a6d00000, 0x00000000a6e00000|  0%| F|  |TAMS 0x00000000a6d00000| PB 0x00000000a6d00000| Untracked |  0
|  72|0x00000000a6e00000, 0x00000000a6e00000, 0x00000000a6f00000|  0%| F|  |TAMS 0x00000000a6e00000| PB 0x00000000a6e00000| Untracked |  0
|  73|0x00000000a6f00000, 0x00000000a6f00000, 0x00000000a7000000|  0%| F|  |TAMS 0x00000000a6f00000| PB 0x00000000a6f00000| Untracked |  0
|  74|0x00000000a7000000, 0x00000000a7000000, 0x00000000a7100000|  0%| F|  |TAMS 0x00000000a7000000| PB 0x00000000a7000000| Untracked |  0
|  75|0x00000000a7100000, 0x00000000a7100000, 0x00000000a7200000|  0%| F|  |TAMS 0x00000000a7100000| PB 0x00000000a7100000| Untracked |  0
|  76|0x00000000a7200000, 0x00000000a7200000, 0x00000000a7300000|  0%| F|  |TAMS 0x00000000a7200000| PB 0x00000000a7200000| Untracked |  0
|  77|0x00000000a7300000, 0x00000000a7300000, 0x00000000a7400000|  0%| F|  |TAMS 0x00000000a7300000| PB 0x00000000a7300000| Untracked |  0
|  78|0x00000000a7400000, 0x00000000a7400000, 0x00000000a7500000|  0%| F|  |TAMS 0x00000000a7400000| PB 0x00000000a7400000| Untracked |  0
|  79|0x00000000a7500000, 0x00000000a7500000, 0x00000000a7600000|  0%| F|  |TAMS 0x00000000a7500000| PB 0x00000000a7500000| Untracked |  0
|  80|0x00000000a7600000, 0x00000000a7600000, 0x00000000a7700000|  0%| F|  |TAMS 0x00000000a7600000| PB 0x00000000a7600000| Untracked |  0
|  81|0x00000000a7700000, 0x00000000a7700000, 0x00000000a7800000|  0%| F|  |TAMS 0x00000000a7700000| PB 0x00000000a7700000| Untracked |  0
|  82|0x00000000a7800000, 0x00000000a7800000, 0x00000000a7900000|  0%| F|  |TAMS 0x00000000a7800000| PB 0x00000000a7800000| Untracked |  0
|  83|0x00000000a7900000, 0x00000000a7900000, 0x00000000a7a00000|  0%| F|  |TAMS 0x00000000a7900000| PB 0x00000000a7900000| Untracked |  0
|  84|0x00000000a7a00000, 0x00000000a7a00000, 0x00000000a7b00000|  0%| F|  |TAMS 0x00000000a7a00000| PB 0x00000000a7a00000| Untracked |  0
|  85|0x00000000a7b00000, 0x00000000a7c00000, 0x00000000a7c00000|100%| E|  |TAMS 0x00000000a7b00000| PB 0x00000000a7b00000| Complete |  0
|  86|0x00000000a7c00000, 0x00000000a7d00000, 0x00000000a7d00000|100%| E|CS|TAMS 0x00000000a7c00000| PB 0x00000000a7c00000| Complete |  0
|  87|0x00000000a7d00000, 0x00000000a7e00000, 0x00000000a7e00000|100%| E|CS|TAMS 0x00000000a7d00000| PB 0x00000000a7d00000| Complete |  0
|  88|0x00000000a7e00000, 0x00000000a7f00000, 0x00000000a7f00000|100%| E|CS|TAMS 0x00000000a7e00000| PB 0x00000000a7e00000| Complete |  0
|  89|0x00000000a7f00000, 0x00000000a8000000, 0x00000000a8000000|100%| E|CS|TAMS 0x00000000a7f00000| PB 0x00000000a7f00000| Complete |  0
|  90|0x00000000a8000000, 0x00000000a8100000, 0x00000000a8100000|100%| E|CS|TAMS 0x00000000a8000000| PB 0x00000000a8000000| Complete |  0
|  91|0x00000000a8100000, 0x00000000a8200000, 0x00000000a8200000|100%| E|CS|TAMS 0x00000000a8100000| PB 0x00000000a8100000| Complete |  0
|  92|0x00000000a8200000, 0x00000000a8300000, 0x00000000a8300000|100%| E|CS|TAMS 0x00000000a8200000| PB 0x00000000a8200000| Complete |  0
|  93|0x00000000a8300000, 0x00000000a8400000, 0x00000000a8400000|100%| E|CS|TAMS 0x00000000a8300000| PB 0x00000000a8300000| Complete |  0

Card table byte_map: [0x000001b45e5e0000,0x000001b45e8d0000] _byte_map_base: 0x000001b45e0cd000

Marking Bits: (CMBitMap*) 0x000001b446a75a40
 Bits: [0x000001b45e8d0000, 0x000001b460038000)

Polling page: 0x000001b444950000

Metaspace:

Usage:
  Non-class:     12.18 MB used.
      Class:      1.29 MB used.
       Both:     13.46 MB used.

Virtual space:
  Non-class space:       64.00 MB reserved,      12.31 MB ( 19%) committed,  1 nodes.
      Class space:        1.00 GB reserved,       1.38 MB ( <1%) committed,  1 nodes.
             Both:        1.06 GB reserved,      13.69 MB (  1%) committed. 

Chunk freelists:
   Non-Class:  3.00 MB
       Class:  14.61 MB
        Both:  17.61 MB

MaxMetaspaceSize: unlimited
CompressedClassSpaceSize: 1.00 GB
Initial GC threshold: 21.00 MB
Current GC threshold: 21.00 MB
CDS: off
 - commit_granule_bytes: 65536.
 - commit_granule_words: 8192.
 - virtual_space_node_default_size: 8388608.
 - enlarge_chunks_in_place: 1.
 - use_allocation_guard: 0.


Internal statistics:

num_allocs_failed_limit: 0.
num_arena_births: 128.
num_arena_deaths: 0.
num_vsnodes_births: 2.
num_vsnodes_deaths: 0.
num_space_committed: 219.
num_space_uncommitted: 0.
num_chunks_returned_to_freelist: 0.
num_chunks_taken_from_freelist: 210.
num_chunk_merges: 0.
num_chunk_splits: 101.
num_chunks_enlarged: 21.
num_inconsistent_stats: 0.

CodeHeap 'non-profiled nmethods': size=120000Kb used=221Kb max_used=221Kb free=119778Kb
 bounds [0x000001b456850000, 0x000001b456ac0000, 0x000001b45dd80000]
CodeHeap 'profiled nmethods': size=120000Kb used=1195Kb max_used=1195Kb free=118804Kb
 bounds [0x000001b44ed80000, 0x000001b44eff0000, 0x000001b4562b0000]
CodeHeap 'non-nmethods': size=5760Kb used=1474Kb max_used=1474Kb free=4286Kb
 bounds [0x000001b4562b0000, 0x000001b456520000, 0x000001b456850000]
 total_blobs=1316 nmethods=760 adapters=461
 compilation: enabled
              stopped_count=0, restarted_count=0
 full_count=0

Compilation events (20 events):
Event: 1.165 Thread 0x000001b404159c30  753       3       java.util.Calendar::internalSet (8 bytes)
Event: 1.165 Thread 0x000001b404159c30 nmethod 753 0x000001b44eea7c90 code [0x000001b44eea7e20, 0x000001b44eea7f58]
Event: 1.165 Thread 0x000001b404159050 nmethod 735 0x000001b456886290 code [0x000001b456886460, 0x000001b456886bd0]
Event: 1.165 Thread 0x000001b404159050  742       4       sun.util.locale.BaseLocale::getInstance (150 bytes)
Event: 1.170 Thread 0x000001b404159c30  755       3       java.lang.invoke.DirectMethodHandle::preparedLambdaForm (244 bytes)
Event: 1.172 Thread 0x000001b404159c30 nmethod 755 0x000001b44eea8010 code [0x000001b44eea8300, 0x000001b44eea9188]
Event: 1.173 Thread 0x000001b404159c30  756       3       jdk.internal.misc.VM::isBooted (13 bytes)
Event: 1.174 Thread 0x000001b404159c30 nmethod 756 0x000001b44eea9790 code [0x000001b44eea9920, 0x000001b44eea9a70]
Event: 1.174 Thread 0x000001b404159c30  757       3       java.lang.Integer::valueOf (32 bytes)
Event: 1.175 Thread 0x000001b404159c30 nmethod 757 0x000001b44eea9b10 code [0x000001b44eea9cc0, 0x000001b44eea9fb8]
Event: 1.175 Thread 0x000001b404159c30  758       3       java.lang.Integer::<init> (10 bytes)
Event: 1.175 Thread 0x000001b404159c30 nmethod 758 0x000001b44eeaa110 code [0x000001b44eeaa2c0, 0x000001b44eeaa488]
Event: 1.175 Thread 0x000001b404159c30  760       3       java.lang.Integer::hashCode (2 bytes)
Event: 1.175 Thread 0x000001b404159c30 nmethod 760 0x000001b44eeaa590 code [0x000001b44eeaa720, 0x000001b44eeaa810]
Event: 1.175 Thread 0x000001b404159c30  759       3       java.lang.Integer::hashCode (8 bytes)
Event: 1.175 Thread 0x000001b404159c30 nmethod 759 0x000001b44eeaa890 code [0x000001b44eeaaa20, 0x000001b44eeaab88]
Event: 1.176 Thread 0x000001b404159c30  761       1       java.lang.Integer::intValue (5 bytes)
Event: 1.176 Thread 0x000001b404159c30 nmethod 761 0x000001b456887010 code [0x000001b4568871a0, 0x000001b456887268]
Event: 1.190 Thread 0x000001b404159c30  762       3       java.lang.invoke.DirectMethodHandle::preparedLambdaForm (6 bytes)
Event: 1.190 Thread 0x000001b404159c30 nmethod 762 0x000001b44eeaac10 code [0x000001b44eeaadc0, 0x000001b44eeaaee0]

GC Heap History (0 events):
No events

Dll operation events (7 events):
Event: 0.015 Loaded shared library C:\Program Files\Java\jdk-22\bin\java.dll
Event: 0.336 Loaded shared library C:\Program Files\Java\jdk-22\bin\jsvml.dll
Event: 0.540 Loaded shared library C:\Program Files\Java\jdk-22\bin\net.dll
Event: 0.543 Loaded shared library C:\Program Files\Java\jdk-22\bin\nio.dll
Event: 0.612 Loaded shared library C:\Program Files\Java\jdk-22\bin\jimage.dll
Event: 0.654 Loaded shared library C:\Program Files\Java\jdk-22\bin\awt.dll
Event: 1.033 Loaded shared library C:\Program Files\Java\jdk-22\bin\zip.dll

Deoptimization events (8 events):
Event: 0.884 Thread 0x000001b446a293c0 Uncommon trap: trap_request=0xffffff45 fr.pc=0x000001b4568600f8 relative=0x0000000000000b38
Event: 0.884 Thread 0x000001b446a293c0 Uncommon trap: reason=unstable_if action=reinterpret pc=0x000001b4568600f8 method=java.util.HashMap.putVal(ILjava/lang/Object;Ljava/lang/Object;ZZ)Ljava/lang/Object; @ 81 c2
Event: 0.884 Thread 0x000001b446a293c0 DEOPT PACKING pc=0x000001b4568600f8 sp=0x0000001c4e2fe500
Event: 0.884 Thread 0x000001b446a293c0 DEOPT UNPACKING pc=0x000001b4563046a2 sp=0x0000001c4e2fe4b0 mode 2
Event: 1.126 Thread 0x000001b404756690 Uncommon trap: trap_request=0xffffff45 fr.pc=0x000001b45685b3dc relative=0x000000000000005c
Event: 1.126 Thread 0x000001b404756690 Uncommon trap: reason=unstable_if action=reinterpret pc=0x000001b45685b3dc method=java.lang.String.isLatin1()Z @ 10 c2
Event: 1.126 Thread 0x000001b404756690 DEOPT PACKING pc=0x000001b45685b3dc sp=0x0000001c4f7fed20
Event: 1.126 Thread 0x000001b404756690 DEOPT UNPACKING pc=0x000001b4563046a2 sp=0x0000001c4f7fecb0 mode 2

Classes loaded (20 events):
Event: 1.173 Loading class sun/awt/windows/WCanvasPeer done
Event: 1.173 Loading class sun/awt/windows/WPanelPeer done
Event: 1.173 Loading class sun/awt/windows/WWindowPeer done
Event: 1.173 Loading class sun/awt/windows/WFramePeer done
Event: 1.173 Loading class sun/awt/windows/WWindowPeer$ActiveWindowListener
Event: 1.173 Loading class sun/awt/windows/WWindowPeer$ActiveWindowListener done
Event: 1.173 Loading class sun/awt/windows/WWindowPeer$GuiDisposedListener
Event: 1.173 Loading class sun/awt/windows/WWindowPeer$GuiDisposedListener done
Event: 1.174 Loading class sun/awt/RepaintArea
Event: 1.174 Loading class sun/awt/RepaintArea done
Event: 1.174 Loading class sun/awt/ExtendedKeyCodes
Event: 1.174 Loading class sun/awt/ExtendedKeyCodes done
Event: 1.177 Loading class sun/awt/EmbeddedFrame
Event: 1.178 Loading class sun/awt/EmbeddedFrame done
Event: 1.178 Loading class sun/awt/LightweightFrame
Event: 1.179 Loading class sun/awt/LightweightFrame done
Event: 1.180 Loading class sun/awt/im/InputMethodWindow
Event: 1.180 Loading class sun/awt/im/InputMethodWindow done
Event: 1.191 Loading class sun/awt/PeerEvent
Event: 1.191 Loading class java/awt/event/InvocationEvent

Classes unloaded (0 events):
No events

Classes redefined (0 events):
No events

Internal exceptions (13 events):
Event: 0.547 Thread 0x000001b446a293c0 Exception <a 'sun/nio/fs/WindowsException'{0x00000000a82cee80}> (0x00000000a82cee80) 
thrown [s\open\src\hotspot\share\prims\jni.cpp, line 520]
Event: 0.550 Thread 0x000001b446a293c0 Exception <a 'sun/nio/fs/WindowsException'{0x00000000a82d13a0}> (0x00000000a82d13a0) 
thrown [s\open\src\hotspot\share\prims\jni.cpp, line 520]
Event: 0.632 Thread 0x000001b446a293c0 Exception <a 'java/lang/ClassNotFoundException'{0x00000000a817e2a8}: sun/awt/resources/spi/awtProvider> (0x00000000a817e2a8) 
thrown [s\open\src\hotspot\share\classfile\systemDictionary.cpp, line 313]
Event: 0.675 Thread 0x000001b446a293c0 Exception <a 'java/io/FileNotFoundException'{0x00000000a81d3b98}> (0x00000000a81d3b98) 
thrown [s\open\src\hotspot\share\prims\jni.cpp, line 520]
Event: 0.687 Thread 0x000001b446a293c0 Exception <a 'java/io/FileNotFoundException'{0x00000000a8002968}> (0x00000000a8002968) 
thrown [s\open\src\hotspot\share\prims\jni.cpp, line 520]
Event: 0.887 Thread 0x000001b446a293c0 Exception <a 'java/lang/NoSuchMethodError'{0x00000000a7f95fd0}: 'void java.lang.invoke.DirectMethodHandle$Holder.invokeSpecial(java.lang.Object, java.lang.Object, java.lang.Object)'> (0x00000000a7f95fd0) 
thrown [s\open\src\hotspot\share\interpreter\linkResolver.cpp, line 774]
Event: 0.900 Thread 0x000001b446a293c0 Exception <a 'java/lang/NoSuchMethodError'{0x00000000a7fbc278}: 'java.lang.Object java.lang.invoke.DirectMethodHandle$Holder.newInvokeSpecial(java.lang.Object, java.lang.Object, java.lang.Object, java.lang.Object, java.lang.Object)'> (0x00000000a7fbc278) 
thrown [s\open\src\hotspot\share\interpreter\linkResolver.cpp, line 774]
Event: 0.908 Thread 0x000001b446a293c0 Exception <a 'java/lang/NoSuchMethodError'{0x00000000a7fe8b90}: 'java.lang.Object java.lang.invoke.DirectMethodHandle$Holder.invokeStatic(java.lang.Object, int, java.lang.Object)'> (0x00000000a7fe8b90) 
thrown [s\open\src\hotspot\share\interpreter\linkResolver.cpp, line 774]
Event: 0.945 Thread 0x000001b446a293c0 Exception <a 'java/lang/ClassNotFoundException'{0x00000000a7e8b0d0}: com/sun/swing/internal/plaf/metal/resources/spi/metalProvider> (0x00000000a7e8b0d0) 
thrown [s\open\src\hotspot\share\classfile\systemDictionary.cpp, line 313]
Event: 0.949 Thread 0x000001b446a293c0 Exception <a 'java/lang/ClassNotFoundException'{0x00000000a7e8f080}: com/sun/swing/internal/plaf/basic/resources/spi/basicProvider> (0x00000000a7e8f080) 
thrown [s\open\src\hotspot\share\classfile\systemDictionary.cpp, line 313]
Event: 0.974 Thread 0x000001b446a293c0 Exception <a 'java/lang/NoSuchMethodError'{0x00000000a7eae720}: 'int java.lang.invoke.Invokers$Holder.invokeExact_MT(java.lang.Object, java.lang.Object)'> (0x00000000a7eae720) 
thrown [s\open\src\hotspot\share\interpreter\linkResolver.cpp, line 774]
Event: 1.142 Thread 0x000001b404756690 Exception <a 'java/lang/NoSuchMethodError'{0x00000000a7cb54c0}: 'java.lang.Object java.lang.invoke.DirectMethodHandle$Holder.newInvokeSpecial(java.lang.Object, java.lang.Object, java.lang.Object, int, int, int, int, int)'> (0x00000000a7cb54c0) 
thrown [s\open\src\hotspot\share\interpreter\linkResolver.cpp, line 774]
Event: 1.190 Thread 0x000001b40466be20 Exception <a 'java/lang/NoSuchMethodError'{0x00000000a7f0e770}: 'void java.lang.invoke.DirectMethodHandle$Holder.invokeVirtual(java.lang.Object, java.lang.Object)'> (0x00000000a7f0e770) 
thrown [s\open\src\hotspot\share\interpreter\linkResolver.cpp, line 774]

ZGC Phase Switch (0 events):
No events

VM Operations (8 events):
Event: 0.555 Executing VM operation: HandshakeAllThreads (Deoptimize)
Event: 0.555 Executing VM operation: HandshakeAllThreads (Deoptimize) done
Event: 0.706 Executing VM operation: HandshakeAllThreads (Deoptimize)
Event: 0.706 Executing VM operation: HandshakeAllThreads (Deoptimize) done
Event: 0.976 Executing VM operation: HandshakeAllThreads (Deoptimize)
Event: 0.976 Executing VM operation: HandshakeAllThreads (Deoptimize) done
Event: 1.100 Executing VM operation: HandshakeAllThreads (Deoptimize)
Event: 1.100 Executing VM operation: HandshakeAllThreads (Deoptimize) done

Memory protections (0 events):
No events

Nmethod flushes (0 events):
No events

Events (16 events):
Event: 0.206 Thread 0x000001b446a293c0 Thread added: 0x000001b446a293c0
Event: 0.330 Thread 0x000001b446a293c0 Thread added: 0x000001b404164fb0
Event: 0.330 Thread 0x000001b446a293c0 Thread added: 0x000001b40414ff70
Event: 0.333 Thread 0x000001b446a293c0 Thread added: 0x000001b40415c840
Event: 0.333 Thread 0x000001b446a293c0 Thread added: 0x000001b404153de0
Event: 0.333 Thread 0x000001b446a293c0 Thread added: 0x000001b404154840
Event: 0.333 Thread 0x000001b446a293c0 Thread added: 0x000001b4041552a0
Event: 0.334 Thread 0x000001b446a293c0 Thread added: 0x000001b404159050
Event: 0.334 Thread 0x000001b446a293c0 Thread added: 0x000001b404159c30
Event: 0.495 Thread 0x000001b446a293c0 Thread added: 0x000001b462c43220
Event: 0.576 Thread 0x000001b446a293c0 Thread added: 0x000001b4044880c0
Event: 0.767 Thread 0x000001b446a293c0 Thread added: 0x000001b404657c40
Event: 0.769 Thread 0x000001b446a293c0 Thread added: 0x000001b404666ac0
Event: 0.770 Thread 0x000001b446a293c0 Thread added: 0x000001b40466be20
Event: 0.988 Thread 0x000001b446a293c0 Thread added: 0x000001b404756690
Event: 1.170 Thread 0x000001b446a293c0 Thread added: 0x000001b40478a240


Dynamic libraries:
0x00007ff7cd370000 - 0x00007ff7cd380000 	C:\Program Files\Java\jdk-22\bin\java.exe
0x00007ffcb03f0000 - 0x00007ffcb0607000 	C:\Windows\SYSTEM32\ntdll.dll
0x00007ffcae7a0000 - 0x00007ffcae864000 	C:\Windows\System32\KERNEL32.DLL
0x00007ffcad980000 - 0x00007ffcadd2d000 	C:\Windows\System32\KERNELBASE.dll
0x00007ffcad860000 - 0x00007ffcad971000 	C:\Windows\System32\ucrtbase.dll
0x00007ffc83b40000 - 0x00007ffc83b5b000 	C:\Program Files\Java\jdk-22\bin\VCRUNTIME140.dll
0x00007ffc9e170000 - 0x00007ffc9e187000 	C:\Program Files\Java\jdk-22\bin\jli.dll
0x00007ffcae120000 - 0x00007ffcae2ce000 	C:\Windows\System32\USER32.dll
0x00007ffc95c30000 - 0x00007ffc95ec3000 	C:\Windows\WinSxS\amd64_microsoft.windows.common-controls_6595b64144ccf1df_6.0.22621.3672_none_2713b9d173822955\COMCTL32.dll
0x00007ffcad710000 - 0x00007ffcad736000 	C:\Windows\System32\win32u.dll
0x00007ffcb0300000 - 0x00007ffcb03a7000 	C:\Windows\System32\msvcrt.dll
0x00007ffcb00f0000 - 0x00007ffcb0119000 	C:\Windows\System32\GDI32.dll
0x00007ffcad740000 - 0x00007ffcad859000 	C:\Windows\System32\gdi32full.dll
0x00007ffcade70000 - 0x00007ffcadf0a000 	C:\Windows\System32\msvcp_win.dll
0x00007ffcaf540000 - 0x00007ffcaf571000 	C:\Windows\System32\IMM32.DLL
0x00007ffc92dc0000 - 0x00007ffc92dcc000 	C:\Program Files\Java\jdk-22\bin\vcruntime140_1.dll
0x00007ffc3a9f0000 - 0x00007ffc3aa7e000 	C:\Program Files\Java\jdk-22\bin\msvcp140.dll
0x00007ffc3afb0000 - 0x00007ffc3bcf9000 	C:\Program Files\Java\jdk-22\bin\server\jvm.dll
0x00007ffcb0240000 - 0x00007ffcb02f2000 	C:\Windows\System32\ADVAPI32.dll
0x00007ffcaf2c0000 - 0x00007ffcaf369000 	C:\Windows\System32\sechost.dll
0x00007ffcae0f0000 - 0x00007ffcae118000 	C:\Windows\System32\bcrypt.dll
0x00007ffcb0120000 - 0x00007ffcb0234000 	C:\Windows\System32\RPCRT4.dll
0x00007ffcaf240000 - 0x00007ffcaf2b1000 	C:\Windows\System32\WS2_32.dll
0x00007ffca78e0000 - 0x00007ffca7914000 	C:\Windows\SYSTEM32\WINMM.dll
0x00007ffcad5d0000 - 0x00007ffcad61d000 	C:\Windows\SYSTEM32\POWRPROF.dll
0x00007ffca42d0000 - 0x00007ffca42da000 	C:\Windows\SYSTEM32\VERSION.dll
0x00007ffcad5b0000 - 0x00007ffcad5c3000 	C:\Windows\SYSTEM32\UMPDC.dll
0x00007ffcac720000 - 0x00007ffcac738000 	C:\Windows\SYSTEM32\kernel.appcore.dll
0x00007ffc8b4f0000 - 0x00007ffc8b4fa000 	C:\Program Files\Java\jdk-22\bin\jimage.dll
0x00007ffcab0b0000 - 0x00007ffcab2e2000 	C:\Windows\SYSTEM32\DBGHELP.DLL
0x00007ffcaf680000 - 0x00007ffcafa0d000 	C:\Windows\System32\combase.dll
0x00007ffcaf160000 - 0x00007ffcaf237000 	C:\Windows\System32\OLEAUT32.dll
0x00007ffc94ea0000 - 0x00007ffc94ed2000 	C:\Windows\SYSTEM32\dbgcore.DLL
0x00007ffcaddf0000 - 0x00007ffcade6b000 	C:\Windows\System32\bcryptPrimitives.dll
0x00007ffc83040000 - 0x00007ffc8305e000 	C:\Program Files\Java\jdk-22\bin\java.dll
0x00007ffcae8f0000 - 0x00007ffcaf157000 	C:\Windows\System32\SHELL32.dll
0x00007ffcae5e0000 - 0x00007ffcae785000 	C:\Windows\System32\ole32.dll
0x00007ffcab610000 - 0x00007ffcabf0e000 	C:\Windows\SYSTEM32\windows.storage.dll
0x00007ffcab4d0000 - 0x00007ffcab60f000 	C:\Windows\SYSTEM32\wintypes.dll
0x00007ffcafa10000 - 0x00007ffcafb09000 	C:\Windows\System32\SHCORE.dll
0x00007ffcaf370000 - 0x00007ffcaf3ce000 	C:\Windows\System32\shlwapi.dll
0x00007ffcad640000 - 0x00007ffcad661000 	C:\Windows\SYSTEM32\profapi.dll
0x00007ffc3ae60000 - 0x00007ffc3af37000 	C:\Program Files\Java\jdk-22\bin\jsvml.dll
0x00007ffc83b30000 - 0x00007ffc83b40000 	C:\Program Files\Java\jdk-22\bin\net.dll
0x00007ffcacbb0000 - 0x00007ffcacc19000 	C:\Windows\system32\mswsock.dll
0x00007ffc80780000 - 0x00007ffc80796000 	C:\Program Files\Java\jdk-22\bin\nio.dll
0x00007ffc3aa80000 - 0x00007ffc3ac0e000 	C:\Program Files\Java\jdk-22\bin\awt.dll
0x00007ffca72d0000 - 0x00007ffca7367000 	C:\Windows\SYSTEM32\apphelp.dll
0x00007ffcaaaf0000 - 0x00007ffcaab1b000 	C:\Windows\system32\DWMAPI.DLL
0x00007ffcaa890000 - 0x00007ffcaa940000 	C:\Windows\system32\uxtheme.dll
0x00007ffc5fc50000 - 0x00007ffc5fd50000 	C:\Windows\system32\opengl32.dll
0x00007ffc7d0e0000 - 0x00007ffc7d10d000 	C:\Windows\SYSTEM32\GLU32.dll
0x00007ffcaa9a0000 - 0x00007ffcaa9d7000 	C:\Windows\SYSTEM32\dxcore.dll
0x00007ffcaf3e0000 - 0x00007ffcaf53b000 	C:\Windows\System32\MSCTF.dll
0x00007ffc64840000 - 0x00007ffc649e8000 	C:\Windows\system32\d3d9.dll
0x00007ffca1910000 - 0x00007ffca1acb000 	C:\Windows\System32\DriverStore\FileRepository\u0395557.inf_amd64_e0b185debc09c51d\B395243\aticfx64.dll
0x00007ffc6fe60000 - 0x00007ffc6fe94000 	C:\Windows\System32\DriverStore\FileRepository\u0395557.inf_amd64_e0b185debc09c51d\B395243\atiu9p64.dll
0x00007ffc11da0000 - 0x00007ffc12af5000 	C:\Windows\System32\DriverStore\FileRepository\u0395557.inf_amd64_e0b185debc09c51d\B395243\atiumd64.dll
0x00007ffc9f720000 - 0x00007ffc9f755000 	C:\Windows\SYSTEM32\amdihk64.dll
0x00007ffca43a0000 - 0x00007ffca43e9000 	C:\Windows\SYSTEM32\directxdatabasehelper.dll
0x00007ffc7c460000 - 0x00007ffc7c477000 	C:\Program Files\Java\jdk-22\bin\zip.dll

dbghelp: loaded successfully - version: 4.0.5 - missing functions: none
symbol engine: initialized successfully - sym options: 0x614 - pdb path: .;C:\Program Files\Java\jdk-22\bin;C:\Windows\SYSTEM32;C:\Windows\WinSxS\amd64_microsoft.windows.common-controls_6595b64144ccf1df_6.0.22621.3672_none_2713b9d173822955;C:\Program Files\Java\jdk-22\bin\server;C:\Windows\System32\DriverStore\FileRepository\u0395557.inf_amd64_e0b185debc09c51d\B395243

VM Arguments:
jvm_args: -Dfile.encoding=UTF-8 --module-path=C:\Users\abdul\OneDrive\Documents\NetBeansProjects\SnakeGame\build\classes 
java_command: snakegame.SnakeGame
java_class_path (initial): C:\Users\abdul\OneDrive\Documents\NetBeansProjects\SnakeGame\build\classes
Launcher Type: SUN_STANDARD

[Global flags]
     intx CICompilerCount                          = 4                                         {product} {ergonomic}
     uint ConcGCThreads                            = 3                                         {product} {ergonomic}
     uint G1ConcRefinementThreads                  = 10                                        {product} {ergonomic}
   size_t G1HeapRegionSize                         = 1048576                                   {product} {ergonomic}
   size_t InitialHeapSize                          = 98566144                                  {product} {ergonomic}
   size_t MarkStackSize                            = 4194304                                   {product} {ergonomic}
   size_t MaxHeapSize                              = 1570766848                                {product} {ergonomic}
   size_t MaxNewSize                               = 941621248                                 {product} {ergonomic}
   size_t MinHeapDeltaBytes                        = 1048576                                   {product} {ergonomic}
   size_t MinHeapSize                              = 8388608                                   {product} {ergonomic}
    uintx NonNMethodCodeHeapSize                   = 5839372                                {pd product} {ergonomic}
    uintx NonProfiledCodeHeapSize                  = 122909434                              {pd product} {ergonomic}
    uintx ProfiledCodeHeapSize                     = 122909434                              {pd product} {ergonomic}
    uintx ReservedCodeCacheSize                    = 251658240                              {pd product} {ergonomic}
     bool SegmentedCodeCache                       = true                                      {product} {ergonomic}
   size_t SoftMaxHeapSize                          = 1570766848                             {manageable} {ergonomic}
     bool UseCompressedOops                        = true                           {product lp64_product} {ergonomic}
     bool UseG1GC                                  = true                                      {product} {ergonomic}
     bool UseLargePagesIndividualAllocation        = false                                  {pd product} {ergonomic}

Logging:
Log output configuration:
 #0: stdout all=warning uptime,level,tags foldmultilines=false
 #1: stderr all=off uptime,level,tags foldmultilines=false

Environment Variables:
JAVA_HOME=C:\Program Files\Java\jdk-22
PATH=C:\Program Files\Common Files\Oracle\Java\javapath;C:\Windows\system32;C:\Windows;C:\Windows\System32\Wbem;C:\Windows\System32\WindowsPowerShell\v1.0\;C:\Windows\System32\OpenSSH\;C:\MinGW\bin;C:\Program Files\Java\jdk-21\bin;C:\Program Files\Java\jdk-21;C:\Program Files\Java\jdk-21\bin;C:\Program Files\Java\jdk-21\bin;C:\Program Files\Java\jdk-21\bin;C:\Program Files\Java\jdk-21\bin;C:\Users\abdul\OneDrive\Desktop\Java language;C:\Program Files\Java\jdk-22\bin;C:\Program Files\Common Files\Oracle\Java\javapath;C:\Program Files\Git\cmd;C:\Users\abdul\AppData\Local\Microsoft\WindowsApps;C:\Users\abdul\AppData\Local\Programs\Microsoft VS Code\bin
USERNAME=abdul
OS=Windows_NT
PROCESSOR_IDENTIFIER=AMD64 Family 23 Model 104 Stepping 1, AuthenticAMD
TMP=C:\Users\abdul\AppData\Local\Temp
TEMP=C:\Users\abdul\AppData\Local\Temp




Periodic native trim disabled

---------------  S Y S T E M  ---------------

OS:
 Windows 11 , 64 bit Build 22621 (10.0.22621.3958)
OS uptime: 0 days 13:49 hours
Hyper-V role detected

CPU: total 12 (initial active 12) (12 cores per cpu, 2 threads per core) family 23 model 104 stepping 1 microcode 0x0, cx8, cmov, fxsr, ht, mmx, 3dnowpref, sse, sse2, sse3, ssse3, sse4a, sse4.1, sse4.2, popcnt, lzcnt, tsc, tscinvbit, avx, avx2, aes, clmul, bmi1, bmi2, adx, sha, fma, vzeroupper, clflush, clflushopt, hv, rdtscp, rdpid, f16c
Processor Information for processor 0
  Max Mhz: 2100, Current Mhz: 1893, Mhz Limit: 2100
Processor Information for processor 1
  Max Mhz: 2100, Current Mhz: 1813, Mhz Limit: 2100
Processor Information for processor 2
  Max Mhz: 2100, Current Mhz: 1893, Mhz Limit: 2100
Processor Information for processor 3
  Max Mhz: 2100, Current Mhz: 1893, Mhz Limit: 2100
Processor Information for processor 4
  Max Mhz: 2100, Current Mhz: 1813, Mhz Limit: 2100
Processor Information for processor 5
  Max Mhz: 2100, Current Mhz: 1813, Mhz Limit: 2100
Processor Information for processor 6
  Max Mhz: 2100, Current Mhz: 1813, Mhz Limit: 2100
Processor Information for processor 7
  Max Mhz: 2100, Current Mhz: 1813, Mhz Limit: 2100
Processor Information for processor 8
  Max Mhz: 2100, Current Mhz: 1813, Mhz Limit: 2100
Processor Information for processor 9
  Max Mhz: 2100, Current Mhz: 1813, Mhz Limit: 2100
Processor Information for processor 10
  Max Mhz: 2100, Current Mhz: 1813, Mhz Limit: 2100
Processor Information for processor 11
  Max Mhz: 2100, Current Mhz: 1813, Mhz Limit: 2100

Memory: 4k page, system-wide physical 5989M (219M free)
TotalPageFile size 24421M (AvailPageFile size 0M)
current process WorkingSet (physical memory assigned to process): 58M, peak: 58M
current process commit charge ("private bytes"): 189M, peak: 190M

vm_info: Java HotSpot(TM) 64-Bit Server VM (22.0.2+9-70) for windows-amd64 JRE (22.0.2+9-70), built on 2024-06-04T16:52:23Z by "mach5one" with MS VC++ 17.6 (VS2022)

END.
